<?xml version="1.0" encoding="UTF-8"?>
<!-- Generated by org.testng.reporters.JUnitReportReporter -->
<testsuite hostname="LAPTOP-20SHTRE1" failures="0" tests="1" name="Testcases.Loginapplication" time="23.899" errors="0" timestamp="2021-12-31T16:45:21 IST" skipped="0">
  <testcase classname="Testcases.Loginapplication" name="login" time="23.899"/>
  <system-out/>
</testsuite> <!-- Testcases.Loginapplication -->
